<?xml version="1.0" encoding="UTF-8"?>
<testng-results ignored="0" total="1" passed="1" failed="0" skipped="0">
  <reporter-output>
  </reporter-output>
  <suite started-at="2025-12-10T11:31:38 PST" name="MyOfficeSuite" finished-at="2025-12-10T11:31:44 PST" duration-ms="5632">
    <groups>
    </groups>
    <test started-at="2025-12-10T11:31:38 PST" name="SeleniumAwesomeQATest" finished-at="2025-12-10T11:31:44 PST" duration-ms="5632">
      <class name="com.office.SimpleSeleniumTest">
        <test-method is-config="true" signature="BeforeSuiteMethod()[pri:0, instance:com.office.SimpleSeleniumTest@72209d93]" started-at="2025-12-10T11:31:38 PST" name="BeforeSuiteMethod" finished-at="2025-12-10T11:31:38 PST" duration-ms="26" status="PASS">
          <reporter-output>
          </reporter-output>
        </test-method> <!-- BeforeSuiteMethod -->
        <test-method is-config="true" signature="BeforeTest()[pri:0, instance:com.office.SimpleSeleniumTest@72209d93]" started-at="2025-12-10T11:31:38 PST" name="BeforeTest" finished-at="2025-12-10T11:31:40 PST" duration-ms="2123" status="PASS">
          <reporter-output>
          </reporter-output>
        </test-method> <!-- BeforeTest -->
        <test-method is-config="true" signature="AfterTest()[pri:0, instance:com.office.SimpleSeleniumTest@72209d93]" started-at="2025-12-10T11:31:38 PST" name="AfterTest" finished-at="2025-12-10T11:31:38 PST" duration-ms="0" status="PASS">
          <reporter-output>
          </reporter-output>
        </test-method> <!-- AfterTest -->
        <test-method is-config="true" signature="BeforeClassTest()[pri:0, instance:com.office.SimpleSeleniumTest@72209d93]" started-at="2025-12-10T11:31:40 PST" name="BeforeClassTest" finished-at="2025-12-10T11:31:40 PST" duration-ms="1" status="PASS">
          <reporter-output>
          </reporter-output>
        </test-method> <!-- BeforeClassTest -->
        <test-method is-config="true" signature="BeforeMethod()[pri:0, instance:com.office.SimpleSeleniumTest@72209d93]" started-at="2025-12-10T11:31:40 PST" name="BeforeMethod" finished-at="2025-12-10T11:31:40 PST" duration-ms="1" status="PASS">
          <reporter-output>
          </reporter-output>
        </test-method> <!-- BeforeMethod -->
        <test-method signature="SimpleTest()[pri:0, instance:com.office.SimpleSeleniumTest@72209d93]" started-at="2025-12-10T11:31:40 PST" name="SimpleTest" finished-at="2025-12-10T11:31:44 PST" duration-ms="3309" status="PASS">
          <reporter-output>
          </reporter-output>
        </test-method> <!-- SimpleTest -->
        <test-method is-config="true" signature="AfterMethodTest()[pri:0, instance:com.office.SimpleSeleniumTest@72209d93]" started-at="2025-12-10T11:31:44 PST" name="AfterMethodTest" finished-at="2025-12-10T11:31:44 PST" duration-ms="1" status="PASS">
          <reporter-output>
          </reporter-output>
        </test-method> <!-- AfterMethodTest -->
        <test-method is-config="true" signature="AfterClassTest()[pri:0, instance:com.office.SimpleSeleniumTest@72209d93]" started-at="2025-12-10T11:31:44 PST" name="AfterClassTest" finished-at="2025-12-10T11:31:44 PST" duration-ms="1" status="PASS">
          <reporter-output>
          </reporter-output>
        </test-method> <!-- AfterClassTest -->
        <test-method is-config="true" signature="AfterSuiteMethod()[pri:0, instance:com.office.SimpleSeleniumTest@72209d93]" started-at="2025-12-10T11:31:44 PST" name="AfterSuiteMethod" finished-at="2025-12-10T11:31:44 PST" duration-ms="164" status="PASS">
          <reporter-output>
          </reporter-output>
        </test-method> <!-- AfterSuiteMethod -->
      </class> <!-- com.office.SimpleSeleniumTest -->
    </test> <!-- SeleniumAwesomeQATest -->
  </suite> <!-- MyOfficeSuite -->
</testng-results>
